15-May-2024 21:48:15.021 INFO [main] org.apache.catalina.startup.VersionLoggerListener.log Server version name:   Apache Tomcat/10.1.24
15-May-2024 21:48:15.028 INFO [main] org.apache.catalina.startup.VersionLoggerListener.log Server built:          May 9 2024 17:41:23 UTC
15-May-2024 21:48:15.028 INFO [main] org.apache.catalina.startup.VersionLoggerListener.log Server version number: 10.1.24.0
15-May-2024 21:48:15.029 INFO [main] org.apache.catalina.startup.VersionLoggerListener.log OS Name:               Windows 11
15-May-2024 21:48:15.029 INFO [main] org.apache.catalina.startup.VersionLoggerListener.log OS Version:            10.0
15-May-2024 21:48:15.029 INFO [main] org.apache.catalina.startup.VersionLoggerListener.log Architecture:          amd64
15-May-2024 21:48:15.029 INFO [main] org.apache.catalina.startup.VersionLoggerListener.log Java Home:             C:\Program Files\Java\jdk-17
15-May-2024 21:48:15.029 INFO [main] org.apache.catalina.startup.VersionLoggerListener.log JVM Version:           17.0.10+11-LTS-240
15-May-2024 21:48:15.029 INFO [main] org.apache.catalina.startup.VersionLoggerListener.log JVM Vendor:            Oracle Corporation
15-May-2024 21:48:15.029 INFO [main] org.apache.catalina.startup.VersionLoggerListener.log CATALINA_BASE:         D:\newclone
15-May-2024 21:48:15.031 INFO [main] org.apache.catalina.startup.VersionLoggerListener.log CATALINA_HOME:         D:\tomcat-embed-core-10.1.20\apache-tomcat-10.1.24
15-May-2024 21:48:15.043 INFO [main] org.apache.catalina.startup.VersionLoggerListener.log Command line argument: --add-opens=java.base/java.lang=ALL-UNNAMED
15-May-2024 21:48:15.043 INFO [main] org.apache.catalina.startup.VersionLoggerListener.log Command line argument: --add-opens=java.base/java.io=ALL-UNNAMED
15-May-2024 21:48:15.043 INFO [main] org.apache.catalina.startup.VersionLoggerListener.log Command line argument: --add-opens=java.base/java.util=ALL-UNNAMED
15-May-2024 21:48:15.044 INFO [main] org.apache.catalina.startup.VersionLoggerListener.log Command line argument: --add-opens=java.base/java.util.concurrent=ALL-UNNAMED
15-May-2024 21:48:15.044 INFO [main] org.apache.catalina.startup.VersionLoggerListener.log Command line argument: --add-opens=java.rmi/sun.rmi.transport=ALL-UNNAMED
15-May-2024 21:48:15.044 INFO [main] org.apache.catalina.startup.VersionLoggerListener.log Command line argument: -Dcatalina.home=D:\tomcat-embed-core-10.1.20\apache-tomcat-10.1.24
15-May-2024 21:48:15.044 INFO [main] org.apache.catalina.startup.VersionLoggerListener.log Command line argument: -Dcatalina.base=D:\newclone
15-May-2024 21:48:15.044 INFO [main] org.apache.catalina.startup.VersionLoggerListener.log Command line argument: -Djava.io.tmpdir=D:\newclone\temp
15-May-2024 21:48:15.044 INFO [main] org.apache.catalina.startup.VersionLoggerListener.log Command line argument: -Djava.util.logging.config.file=D:\newclone\conf\logging.properties
15-May-2024 21:48:15.046 INFO [main] org.apache.catalina.startup.VersionLoggerListener.log Command line argument: -Djava.util.logging.manager=org.apache.juli.ClassLoaderLogManager
15-May-2024 21:48:15.046 INFO [main] org.apache.catalina.startup.VersionLoggerListener.log Command line argument: -javaagent:C:\Users\HP\AppData\Local\Programs\IntelliJ IDEA Community Edition\lib\idea_rt.jar=51589:C:\Users\HP\AppData\Local\Programs\IntelliJ IDEA Community Edition\bin
15-May-2024 21:48:15.046 INFO [main] org.apache.catalina.startup.VersionLoggerListener.log Command line argument: -Dfile.encoding=UTF-8
15-May-2024 21:48:15.166 INFO [main] org.apache.catalina.core.AprLifecycleListener.lifecycleEvent Loaded Apache Tomcat Native library [2.0.7] using APR version [1.7.4].
15-May-2024 21:48:15.171 INFO [main] org.apache.catalina.core.AprLifecycleListener.initializeSSL OpenSSL successfully initialized [OpenSSL 3.0.13 30 Jan 2024]
15-May-2024 21:48:15.480 INFO [main] org.apache.coyote.AbstractProtocol.init Initializing ProtocolHandler ["http-nio-8080"]
15-May-2024 21:48:15.496 INFO [main] org.apache.catalina.startup.Catalina.load Server initialization in [701] milliseconds
15-May-2024 21:48:15.540 INFO [main] org.apache.catalina.core.StandardService.startInternal Starting service [Catalina]
15-May-2024 21:48:15.541 INFO [main] org.apache.catalina.core.StandardEngine.startInternal Starting Servlet engine: [Apache Tomcat/10.1.24]
15-May-2024 21:48:15.552 INFO [main] org.apache.catalina.startup.HostConfig.deployDescriptor Deploying deployment descriptor [D:\newclone\conf\Catalina\localhost\digitallogbook.xml]
15-May-2024 21:48:15.570 WARNING [main] org.apache.catalina.startup.HostConfig.deployDescriptor The path attribute with value [] in deployment descriptor [D:\newclone\conf\Catalina\localhost\digitallogbook.xml] has been ignored
15-May-2024 21:48:16.044 INFO [main] org.apache.jasper.servlet.TldScanner.scanJars At least one JAR was scanned for TLDs yet contained no TLDs. Enable debug logging for this logger for a complete list of JARs that were scanned but no TLDs were found in them. Skipping unneeded JARs during scanning can improve startup time and JSP compilation time.
15-May-2024 21:48:16.123 INFO [main] org.apache.catalina.startup.HostConfig.deployDescriptor Deployment of deployment descriptor [D:\newclone\conf\Catalina\localhost\digitallogbook.xml] has finished in [571] ms
15-May-2024 21:48:16.128 INFO [main] org.apache.coyote.AbstractProtocol.start Starting ProtocolHandler ["http-nio-8080"]
15-May-2024 21:48:16.159 INFO [main] org.apache.catalina.startup.Catalina.start Server startup in [662] milliseconds
15-May-2024 21:52:14.975 INFO [Thread-1] org.apache.coyote.AbstractProtocol.pause Pausing ProtocolHandler ["http-nio-8080"]
15-May-2024 21:52:14.980 INFO [Thread-1] org.apache.catalina.core.StandardService.stopInternal Stopping service [Catalina]
15-May-2024 21:52:14.994 INFO [Thread-1] org.apache.coyote.AbstractProtocol.stop Stopping ProtocolHandler ["http-nio-8080"]
15-May-2024 21:52:15.015 INFO [Thread-1] org.apache.coyote.AbstractProtocol.destroy Destroying ProtocolHandler ["http-nio-8080"]
15-May-2024 21:52:16.893 INFO [main] org.apache.catalina.startup.VersionLoggerListener.log Server version name:   Apache Tomcat/10.1.24
15-May-2024 21:52:16.897 INFO [main] org.apache.catalina.startup.VersionLoggerListener.log Server built:          May 9 2024 17:41:23 UTC
15-May-2024 21:52:16.897 INFO [main] org.apache.catalina.startup.VersionLoggerListener.log Server version number: 10.1.24.0
15-May-2024 21:52:16.897 INFO [main] org.apache.catalina.startup.VersionLoggerListener.log OS Name:               Windows 11
15-May-2024 21:52:16.897 INFO [main] org.apache.catalina.startup.VersionLoggerListener.log OS Version:            10.0
15-May-2024 21:52:16.897 INFO [main] org.apache.catalina.startup.VersionLoggerListener.log Architecture:          amd64
15-May-2024 21:52:16.897 INFO [main] org.apache.catalina.startup.VersionLoggerListener.log Java Home:             C:\Program Files\Java\jdk-17
15-May-2024 21:52:16.897 INFO [main] org.apache.catalina.startup.VersionLoggerListener.log JVM Version:           17.0.10+11-LTS-240
15-May-2024 21:52:16.898 INFO [main] org.apache.catalina.startup.VersionLoggerListener.log JVM Vendor:            Oracle Corporation
15-May-2024 21:52:16.898 INFO [main] org.apache.catalina.startup.VersionLoggerListener.log CATALINA_BASE:         D:\newclone
15-May-2024 21:52:16.898 INFO [main] org.apache.catalina.startup.VersionLoggerListener.log CATALINA_HOME:         D:\tomcat-embed-core-10.1.20\apache-tomcat-10.1.24
15-May-2024 21:52:16.907 INFO [main] org.apache.catalina.startup.VersionLoggerListener.log Command line argument: --add-opens=java.base/java.lang=ALL-UNNAMED
15-May-2024 21:52:16.907 INFO [main] org.apache.catalina.startup.VersionLoggerListener.log Command line argument: --add-opens=java.base/java.io=ALL-UNNAMED
15-May-2024 21:52:16.907 INFO [main] org.apache.catalina.startup.VersionLoggerListener.log Command line argument: --add-opens=java.base/java.util=ALL-UNNAMED
15-May-2024 21:52:16.908 INFO [main] org.apache.catalina.startup.VersionLoggerListener.log Command line argument: --add-opens=java.base/java.util.concurrent=ALL-UNNAMED
15-May-2024 21:52:16.908 INFO [main] org.apache.catalina.startup.VersionLoggerListener.log Command line argument: --add-opens=java.rmi/sun.rmi.transport=ALL-UNNAMED
15-May-2024 21:52:16.908 INFO [main] org.apache.catalina.startup.VersionLoggerListener.log Command line argument: -Dcatalina.home=D:\tomcat-embed-core-10.1.20\apache-tomcat-10.1.24
15-May-2024 21:52:16.908 INFO [main] org.apache.catalina.startup.VersionLoggerListener.log Command line argument: -Dcatalina.base=D:\newclone
15-May-2024 21:52:16.908 INFO [main] org.apache.catalina.startup.VersionLoggerListener.log Command line argument: -Djava.io.tmpdir=D:\newclone\temp
15-May-2024 21:52:16.908 INFO [main] org.apache.catalina.startup.VersionLoggerListener.log Command line argument: -Djava.util.logging.config.file=D:\newclone\conf\logging.properties
15-May-2024 21:52:16.908 INFO [main] org.apache.catalina.startup.VersionLoggerListener.log Command line argument: -Djava.util.logging.manager=org.apache.juli.ClassLoaderLogManager
15-May-2024 21:52:16.908 INFO [main] org.apache.catalina.startup.VersionLoggerListener.log Command line argument: -javaagent:C:\Users\HP\AppData\Local\Programs\IntelliJ IDEA Community Edition\lib\idea_rt.jar=51617:C:\Users\HP\AppData\Local\Programs\IntelliJ IDEA Community Edition\bin
15-May-2024 21:52:16.908 INFO [main] org.apache.catalina.startup.VersionLoggerListener.log Command line argument: -Dfile.encoding=UTF-8
15-May-2024 21:52:16.910 INFO [main] org.apache.catalina.core.AprLifecycleListener.lifecycleEvent Loaded Apache Tomcat Native library [2.0.7] using APR version [1.7.4].
15-May-2024 21:52:16.916 INFO [main] org.apache.catalina.core.AprLifecycleListener.initializeSSL OpenSSL successfully initialized [OpenSSL 3.0.13 30 Jan 2024]
15-May-2024 21:52:17.233 INFO [main] org.apache.coyote.AbstractProtocol.init Initializing ProtocolHandler ["http-nio-8080"]
15-May-2024 21:52:17.252 INFO [main] org.apache.catalina.startup.Catalina.load Server initialization in [547] milliseconds
15-May-2024 21:52:17.292 INFO [main] org.apache.catalina.core.StandardService.startInternal Starting service [Catalina]
15-May-2024 21:52:17.293 INFO [main] org.apache.catalina.core.StandardEngine.startInternal Starting Servlet engine: [Apache Tomcat/10.1.24]
15-May-2024 21:52:17.303 INFO [main] org.apache.catalina.startup.HostConfig.deployDescriptor Deploying deployment descriptor [D:\newclone\conf\Catalina\localhost\digitallogbook.xml]
15-May-2024 21:52:17.321 WARNING [main] org.apache.catalina.startup.HostConfig.deployDescriptor The path attribute with value [] in deployment descriptor [D:\newclone\conf\Catalina\localhost\digitallogbook.xml] has been ignored
15-May-2024 21:52:17.731 INFO [main] org.apache.jasper.servlet.TldScanner.scanJars At least one JAR was scanned for TLDs yet contained no TLDs. Enable debug logging for this logger for a complete list of JARs that were scanned but no TLDs were found in them. Skipping unneeded JARs during scanning can improve startup time and JSP compilation time.
15-May-2024 21:52:17.810 INFO [main] org.apache.catalina.startup.HostConfig.deployDescriptor Deployment of deployment descriptor [D:\newclone\conf\Catalina\localhost\digitallogbook.xml] has finished in [506] ms
15-May-2024 21:52:17.814 INFO [main] org.apache.coyote.AbstractProtocol.start Starting ProtocolHandler ["http-nio-8080"]
15-May-2024 21:52:17.862 INFO [main] org.apache.catalina.startup.Catalina.start Server startup in [610] milliseconds
15-May-2024 21:53:15.755 INFO [Thread-1] org.apache.coyote.AbstractProtocol.pause Pausing ProtocolHandler ["http-nio-8080"]
15-May-2024 21:53:15.761 INFO [Thread-1] org.apache.catalina.core.StandardService.stopInternal Stopping service [Catalina]
15-May-2024 21:53:15.770 INFO [Thread-1] org.apache.coyote.AbstractProtocol.stop Stopping ProtocolHandler ["http-nio-8080"]
15-May-2024 21:53:15.772 INFO [Thread-1] org.apache.coyote.AbstractProtocol.destroy Destroying ProtocolHandler ["http-nio-8080"]
15-May-2024 21:53:17.328 INFO [main] org.apache.catalina.startup.VersionLoggerListener.log Server version name:   Apache Tomcat/10.1.24
15-May-2024 21:53:17.332 INFO [main] org.apache.catalina.startup.VersionLoggerListener.log Server built:          May 9 2024 17:41:23 UTC
15-May-2024 21:53:17.332 INFO [main] org.apache.catalina.startup.VersionLoggerListener.log Server version number: 10.1.24.0
15-May-2024 21:53:17.332 INFO [main] org.apache.catalina.startup.VersionLoggerListener.log OS Name:               Windows 11
15-May-2024 21:53:17.332 INFO [main] org.apache.catalina.startup.VersionLoggerListener.log OS Version:            10.0
15-May-2024 21:53:17.332 INFO [main] org.apache.catalina.startup.VersionLoggerListener.log Architecture:          amd64
15-May-2024 21:53:17.332 INFO [main] org.apache.catalina.startup.VersionLoggerListener.log Java Home:             C:\Program Files\Java\jdk-17
15-May-2024 21:53:17.333 INFO [main] org.apache.catalina.startup.VersionLoggerListener.log JVM Version:           17.0.10+11-LTS-240
15-May-2024 21:53:17.333 INFO [main] org.apache.catalina.startup.VersionLoggerListener.log JVM Vendor:            Oracle Corporation
15-May-2024 21:53:17.333 INFO [main] org.apache.catalina.startup.VersionLoggerListener.log CATALINA_BASE:         D:\newclone
15-May-2024 21:53:17.333 INFO [main] org.apache.catalina.startup.VersionLoggerListener.log CATALINA_HOME:         D:\tomcat-embed-core-10.1.20\apache-tomcat-10.1.24
15-May-2024 21:53:17.341 INFO [main] org.apache.catalina.startup.VersionLoggerListener.log Command line argument: --add-opens=java.base/java.lang=ALL-UNNAMED
15-May-2024 21:53:17.342 INFO [main] org.apache.catalina.startup.VersionLoggerListener.log Command line argument: --add-opens=java.base/java.io=ALL-UNNAMED
15-May-2024 21:53:17.342 INFO [main] org.apache.catalina.startup.VersionLoggerListener.log Command line argument: --add-opens=java.base/java.util=ALL-UNNAMED
15-May-2024 21:53:17.342 INFO [main] org.apache.catalina.startup.VersionLoggerListener.log Command line argument: --add-opens=java.base/java.util.concurrent=ALL-UNNAMED
15-May-2024 21:53:17.342 INFO [main] org.apache.catalina.startup.VersionLoggerListener.log Command line argument: --add-opens=java.rmi/sun.rmi.transport=ALL-UNNAMED
15-May-2024 21:53:17.342 INFO [main] org.apache.catalina.startup.VersionLoggerListener.log Command line argument: -Dcatalina.home=D:\tomcat-embed-core-10.1.20\apache-tomcat-10.1.24
15-May-2024 21:53:17.342 INFO [main] org.apache.catalina.startup.VersionLoggerListener.log Command line argument: -Dcatalina.base=D:\newclone
15-May-2024 21:53:17.342 INFO [main] org.apache.catalina.startup.VersionLoggerListener.log Command line argument: -Djava.io.tmpdir=D:\newclone\temp
15-May-2024 21:53:17.342 INFO [main] org.apache.catalina.startup.VersionLoggerListener.log Command line argument: -Djava.util.logging.config.file=D:\newclone\conf\logging.properties
15-May-2024 21:53:17.342 INFO [main] org.apache.catalina.startup.VersionLoggerListener.log Command line argument: -Djava.util.logging.manager=org.apache.juli.ClassLoaderLogManager
15-May-2024 21:53:17.342 INFO [main] org.apache.catalina.startup.VersionLoggerListener.log Command line argument: -javaagent:C:\Users\HP\AppData\Local\Programs\IntelliJ IDEA Community Edition\lib\idea_rt.jar=51625:C:\Users\HP\AppData\Local\Programs\IntelliJ IDEA Community Edition\bin
15-May-2024 21:53:17.342 INFO [main] org.apache.catalina.startup.VersionLoggerListener.log Command line argument: -Dfile.encoding=UTF-8
15-May-2024 21:53:17.345 INFO [main] org.apache.catalina.core.AprLifecycleListener.lifecycleEvent Loaded Apache Tomcat Native library [2.0.7] using APR version [1.7.4].
15-May-2024 21:53:17.352 INFO [main] org.apache.catalina.core.AprLifecycleListener.initializeSSL OpenSSL successfully initialized [OpenSSL 3.0.13 30 Jan 2024]
15-May-2024 21:53:17.655 INFO [main] org.apache.coyote.AbstractProtocol.init Initializing ProtocolHandler ["http-nio-8080"]
15-May-2024 21:53:17.672 INFO [main] org.apache.catalina.startup.Catalina.load Server initialization in [574] milliseconds
15-May-2024 21:53:17.714 INFO [main] org.apache.catalina.core.StandardService.startInternal Starting service [Catalina]
15-May-2024 21:53:17.714 INFO [main] org.apache.catalina.core.StandardEngine.startInternal Starting Servlet engine: [Apache Tomcat/10.1.24]
15-May-2024 21:53:17.723 INFO [main] org.apache.catalina.startup.HostConfig.deployDescriptor Deploying deployment descriptor [D:\newclone\conf\Catalina\localhost\digitallogbook.xml]
15-May-2024 21:53:17.750 WARNING [main] org.apache.catalina.startup.HostConfig.deployDescriptor The path attribute with value [] in deployment descriptor [D:\newclone\conf\Catalina\localhost\digitallogbook.xml] has been ignored
15-May-2024 21:53:18.148 INFO [main] org.apache.jasper.servlet.TldScanner.scanJars At least one JAR was scanned for TLDs yet contained no TLDs. Enable debug logging for this logger for a complete list of JARs that were scanned but no TLDs were found in them. Skipping unneeded JARs during scanning can improve startup time and JSP compilation time.
15-May-2024 21:53:18.232 INFO [main] org.apache.catalina.startup.HostConfig.deployDescriptor Deployment of deployment descriptor [D:\newclone\conf\Catalina\localhost\digitallogbook.xml] has finished in [508] ms
15-May-2024 21:53:18.237 INFO [main] org.apache.coyote.AbstractProtocol.start Starting ProtocolHandler ["http-nio-8080"]
15-May-2024 21:53:18.286 INFO [main] org.apache.catalina.startup.Catalina.start Server startup in [613] milliseconds
15-May-2024 21:54:58.355 INFO [Thread-1] org.apache.coyote.AbstractProtocol.pause Pausing ProtocolHandler ["http-nio-8080"]
15-May-2024 21:54:58.361 INFO [Thread-1] org.apache.catalina.core.StandardService.stopInternal Stopping service [Catalina]
15-May-2024 21:54:58.367 INFO [Thread-1] org.apache.coyote.AbstractProtocol.stop Stopping ProtocolHandler ["http-nio-8080"]
15-May-2024 21:54:58.370 INFO [Thread-1] org.apache.coyote.AbstractProtocol.destroy Destroying ProtocolHandler ["http-nio-8080"]
15-May-2024 21:55:00.212 INFO [main] org.apache.catalina.startup.VersionLoggerListener.log Server version name:   Apache Tomcat/10.1.24
15-May-2024 21:55:00.216 INFO [main] org.apache.catalina.startup.VersionLoggerListener.log Server built:          May 9 2024 17:41:23 UTC
15-May-2024 21:55:00.216 INFO [main] org.apache.catalina.startup.VersionLoggerListener.log Server version number: 10.1.24.0
15-May-2024 21:55:00.216 INFO [main] org.apache.catalina.startup.VersionLoggerListener.log OS Name:               Windows 11
15-May-2024 21:55:00.216 INFO [main] org.apache.catalina.startup.VersionLoggerListener.log OS Version:            10.0
15-May-2024 21:55:00.217 INFO [main] org.apache.catalina.startup.VersionLoggerListener.log Architecture:          amd64
15-May-2024 21:55:00.217 INFO [main] org.apache.catalina.startup.VersionLoggerListener.log Java Home:             C:\Program Files\Java\jdk-17
15-May-2024 21:55:00.217 INFO [main] org.apache.catalina.startup.VersionLoggerListener.log JVM Version:           17.0.10+11-LTS-240
15-May-2024 21:55:00.217 INFO [main] org.apache.catalina.startup.VersionLoggerListener.log JVM Vendor:            Oracle Corporation
15-May-2024 21:55:00.217 INFO [main] org.apache.catalina.startup.VersionLoggerListener.log CATALINA_BASE:         D:\newclone
15-May-2024 21:55:00.217 INFO [main] org.apache.catalina.startup.VersionLoggerListener.log CATALINA_HOME:         D:\tomcat-embed-core-10.1.20\apache-tomcat-10.1.24
15-May-2024 21:55:00.226 INFO [main] org.apache.catalina.startup.VersionLoggerListener.log Command line argument: --add-opens=java.base/java.lang=ALL-UNNAMED
15-May-2024 21:55:00.226 INFO [main] org.apache.catalina.startup.VersionLoggerListener.log Command line argument: --add-opens=java.base/java.io=ALL-UNNAMED
15-May-2024 21:55:00.226 INFO [main] org.apache.catalina.startup.VersionLoggerListener.log Command line argument: --add-opens=java.base/java.util=ALL-UNNAMED
15-May-2024 21:55:00.226 INFO [main] org.apache.catalina.startup.VersionLoggerListener.log Command line argument: --add-opens=java.base/java.util.concurrent=ALL-UNNAMED
15-May-2024 21:55:00.226 INFO [main] org.apache.catalina.startup.VersionLoggerListener.log Command line argument: --add-opens=java.rmi/sun.rmi.transport=ALL-UNNAMED
15-May-2024 21:55:00.226 INFO [main] org.apache.catalina.startup.VersionLoggerListener.log Command line argument: -Dcatalina.home=D:\tomcat-embed-core-10.1.20\apache-tomcat-10.1.24
15-May-2024 21:55:00.226 INFO [main] org.apache.catalina.startup.VersionLoggerListener.log Command line argument: -Dcatalina.base=D:\newclone
15-May-2024 21:55:00.227 INFO [main] org.apache.catalina.startup.VersionLoggerListener.log Command line argument: -Djava.io.tmpdir=D:\newclone\temp
15-May-2024 21:55:00.227 INFO [main] org.apache.catalina.startup.VersionLoggerListener.log Command line argument: -Djava.util.logging.config.file=D:\newclone\conf\logging.properties
15-May-2024 21:55:00.227 INFO [main] org.apache.catalina.startup.VersionLoggerListener.log Command line argument: -Djava.util.logging.manager=org.apache.juli.ClassLoaderLogManager
15-May-2024 21:55:00.227 INFO [main] org.apache.catalina.startup.VersionLoggerListener.log Command line argument: -javaagent:C:\Users\HP\AppData\Local\Programs\IntelliJ IDEA Community Edition\lib\idea_rt.jar=51634:C:\Users\HP\AppData\Local\Programs\IntelliJ IDEA Community Edition\bin
15-May-2024 21:55:00.227 INFO [main] org.apache.catalina.startup.VersionLoggerListener.log Command line argument: -Dfile.encoding=UTF-8
15-May-2024 21:55:00.229 INFO [main] org.apache.catalina.core.AprLifecycleListener.lifecycleEvent Loaded Apache Tomcat Native library [2.0.7] using APR version [1.7.4].
15-May-2024 21:55:00.235 INFO [main] org.apache.catalina.core.AprLifecycleListener.initializeSSL OpenSSL successfully initialized [OpenSSL 3.0.13 30 Jan 2024]
15-May-2024 21:55:00.534 INFO [main] org.apache.coyote.AbstractProtocol.init Initializing ProtocolHandler ["http-nio-8080"]
15-May-2024 21:55:00.553 INFO [main] org.apache.catalina.startup.Catalina.load Server initialization in [531] milliseconds
15-May-2024 21:55:00.591 INFO [main] org.apache.catalina.core.StandardService.startInternal Starting service [Catalina]
15-May-2024 21:55:00.591 INFO [main] org.apache.catalina.core.StandardEngine.startInternal Starting Servlet engine: [Apache Tomcat/10.1.24]
15-May-2024 21:55:00.602 INFO [main] org.apache.catalina.startup.HostConfig.deployDescriptor Deploying deployment descriptor [D:\newclone\conf\Catalina\localhost\digitallogbook.xml]
15-May-2024 21:55:00.622 WARNING [main] org.apache.catalina.startup.HostConfig.deployDescriptor The path attribute with value [] in deployment descriptor [D:\newclone\conf\Catalina\localhost\digitallogbook.xml] has been ignored
15-May-2024 21:55:01.030 INFO [main] org.apache.jasper.servlet.TldScanner.scanJars At least one JAR was scanned for TLDs yet contained no TLDs. Enable debug logging for this logger for a complete list of JARs that were scanned but no TLDs were found in them. Skipping unneeded JARs during scanning can improve startup time and JSP compilation time.
15-May-2024 21:55:01.106 INFO [main] org.apache.catalina.startup.HostConfig.deployDescriptor Deployment of deployment descriptor [D:\newclone\conf\Catalina\localhost\digitallogbook.xml] has finished in [504] ms
15-May-2024 21:55:01.111 INFO [main] org.apache.coyote.AbstractProtocol.start Starting ProtocolHandler ["http-nio-8080"]
15-May-2024 21:55:01.157 INFO [main] org.apache.catalina.startup.Catalina.start Server startup in [604] milliseconds
15-May-2024 21:55:33.780 INFO [Thread-1] org.apache.coyote.AbstractProtocol.pause Pausing ProtocolHandler ["http-nio-8080"]
15-May-2024 21:55:33.785 INFO [Thread-1] org.apache.catalina.core.StandardService.stopInternal Stopping service [Catalina]
15-May-2024 21:55:33.795 INFO [Thread-1] org.apache.coyote.AbstractProtocol.stop Stopping ProtocolHandler ["http-nio-8080"]
15-May-2024 21:55:33.798 INFO [Thread-1] org.apache.coyote.AbstractProtocol.destroy Destroying ProtocolHandler ["http-nio-8080"]
15-May-2024 21:55:35.154 INFO [main] org.apache.catalina.startup.VersionLoggerListener.log Server version name:   Apache Tomcat/10.1.24
15-May-2024 21:55:35.162 INFO [main] org.apache.catalina.startup.VersionLoggerListener.log Server built:          May 9 2024 17:41:23 UTC
15-May-2024 21:55:35.162 INFO [main] org.apache.catalina.startup.VersionLoggerListener.log Server version number: 10.1.24.0
15-May-2024 21:55:35.162 INFO [main] org.apache.catalina.startup.VersionLoggerListener.log OS Name:               Windows 11
15-May-2024 21:55:35.162 INFO [main] org.apache.catalina.startup.VersionLoggerListener.log OS Version:            10.0
15-May-2024 21:55:35.162 INFO [main] org.apache.catalina.startup.VersionLoggerListener.log Architecture:          amd64
15-May-2024 21:55:35.162 INFO [main] org.apache.catalina.startup.VersionLoggerListener.log Java Home:             C:\Program Files\Java\jdk-17
15-May-2024 21:55:35.162 INFO [main] org.apache.catalina.startup.VersionLoggerListener.log JVM Version:           17.0.10+11-LTS-240
15-May-2024 21:55:35.162 INFO [main] org.apache.catalina.startup.VersionLoggerListener.log JVM Vendor:            Oracle Corporation
15-May-2024 21:55:35.163 INFO [main] org.apache.catalina.startup.VersionLoggerListener.log CATALINA_BASE:         D:\newclone
15-May-2024 21:55:35.163 INFO [main] org.apache.catalina.startup.VersionLoggerListener.log CATALINA_HOME:         D:\tomcat-embed-core-10.1.20\apache-tomcat-10.1.24
15-May-2024 21:55:35.178 INFO [main] org.apache.catalina.startup.VersionLoggerListener.log Command line argument: --add-opens=java.base/java.lang=ALL-UNNAMED
15-May-2024 21:55:35.179 INFO [main] org.apache.catalina.startup.VersionLoggerListener.log Command line argument: --add-opens=java.base/java.io=ALL-UNNAMED
15-May-2024 21:55:35.180 INFO [main] org.apache.catalina.startup.VersionLoggerListener.log Command line argument: --add-opens=java.base/java.util=ALL-UNNAMED
15-May-2024 21:55:35.180 INFO [main] org.apache.catalina.startup.VersionLoggerListener.log Command line argument: --add-opens=java.base/java.util.concurrent=ALL-UNNAMED
15-May-2024 21:55:35.180 INFO [main] org.apache.catalina.startup.VersionLoggerListener.log Command line argument: --add-opens=java.rmi/sun.rmi.transport=ALL-UNNAMED
15-May-2024 21:55:35.180 INFO [main] org.apache.catalina.startup.VersionLoggerListener.log Command line argument: -Dcatalina.home=D:\tomcat-embed-core-10.1.20\apache-tomcat-10.1.24
15-May-2024 21:55:35.181 INFO [main] org.apache.catalina.startup.VersionLoggerListener.log Command line argument: -Dcatalina.base=D:\newclone
15-May-2024 21:55:35.181 INFO [main] org.apache.catalina.startup.VersionLoggerListener.log Command line argument: -Djava.io.tmpdir=D:\newclone\temp
15-May-2024 21:55:35.181 INFO [main] org.apache.catalina.startup.VersionLoggerListener.log Command line argument: -Djava.util.logging.config.file=D:\newclone\conf\logging.properties
15-May-2024 21:55:35.182 INFO [main] org.apache.catalina.startup.VersionLoggerListener.log Command line argument: -Djava.util.logging.manager=org.apache.juli.ClassLoaderLogManager
15-May-2024 21:55:35.182 INFO [main] org.apache.catalina.startup.VersionLoggerListener.log Command line argument: -javaagent:C:\Users\HP\AppData\Local\Programs\IntelliJ IDEA Community Edition\lib\idea_rt.jar=51641:C:\Users\HP\AppData\Local\Programs\IntelliJ IDEA Community Edition\bin
15-May-2024 21:55:35.182 INFO [main] org.apache.catalina.startup.VersionLoggerListener.log Command line argument: -Dfile.encoding=UTF-8
15-May-2024 21:55:35.184 INFO [main] org.apache.catalina.core.AprLifecycleListener.lifecycleEvent Loaded Apache Tomcat Native library [2.0.7] using APR version [1.7.4].
15-May-2024 21:55:35.190 INFO [main] org.apache.catalina.core.AprLifecycleListener.initializeSSL OpenSSL successfully initialized [OpenSSL 3.0.13 30 Jan 2024]
15-May-2024 21:55:35.572 INFO [main] org.apache.coyote.AbstractProtocol.init Initializing ProtocolHandler ["http-nio-8080"]
15-May-2024 21:55:35.591 INFO [main] org.apache.catalina.startup.Catalina.load Server initialization in [689] milliseconds
15-May-2024 21:55:35.644 INFO [main] org.apache.catalina.core.StandardService.startInternal Starting service [Catalina]
15-May-2024 21:55:35.645 INFO [main] org.apache.catalina.core.StandardEngine.startInternal Starting Servlet engine: [Apache Tomcat/10.1.24]
15-May-2024 21:55:35.657 INFO [main] org.apache.catalina.startup.HostConfig.deployDescriptor Deploying deployment descriptor [D:\newclone\conf\Catalina\localhost\digitallogbook.xml]
15-May-2024 21:55:35.671 WARNING [main] org.apache.catalina.startup.HostConfig.deployDescriptor The path attribute with value [] in deployment descriptor [D:\newclone\conf\Catalina\localhost\digitallogbook.xml] has been ignored
15-May-2024 21:55:36.068 INFO [main] org.apache.jasper.servlet.TldScanner.scanJars At least one JAR was scanned for TLDs yet contained no TLDs. Enable debug logging for this logger for a complete list of JARs that were scanned but no TLDs were found in them. Skipping unneeded JARs during scanning can improve startup time and JSP compilation time.
15-May-2024 21:55:36.147 INFO [main] org.apache.catalina.startup.HostConfig.deployDescriptor Deployment of deployment descriptor [D:\newclone\conf\Catalina\localhost\digitallogbook.xml] has finished in [489] ms
15-May-2024 21:55:36.151 INFO [main] org.apache.coyote.AbstractProtocol.start Starting ProtocolHandler ["http-nio-8080"]
15-May-2024 21:55:36.200 INFO [main] org.apache.catalina.startup.Catalina.start Server startup in [607] milliseconds
15-May-2024 21:56:48.855 INFO [Thread-1] org.apache.coyote.AbstractProtocol.pause Pausing ProtocolHandler ["http-nio-8080"]
15-May-2024 21:56:48.862 INFO [Thread-1] org.apache.catalina.core.StandardService.stopInternal Stopping service [Catalina]
15-May-2024 21:56:48.869 INFO [Thread-1] org.apache.coyote.AbstractProtocol.stop Stopping ProtocolHandler ["http-nio-8080"]
15-May-2024 21:56:48.871 INFO [Thread-1] org.apache.coyote.AbstractProtocol.destroy Destroying ProtocolHandler ["http-nio-8080"]
15-May-2024 21:56:50.797 INFO [main] org.apache.catalina.startup.VersionLoggerListener.log Server version name:   Apache Tomcat/10.1.24
15-May-2024 21:56:50.801 INFO [main] org.apache.catalina.startup.VersionLoggerListener.log Server built:          May 9 2024 17:41:23 UTC
15-May-2024 21:56:50.801 INFO [main] org.apache.catalina.startup.VersionLoggerListener.log Server version number: 10.1.24.0
15-May-2024 21:56:50.801 INFO [main] org.apache.catalina.startup.VersionLoggerListener.log OS Name:               Windows 11
15-May-2024 21:56:50.802 INFO [main] org.apache.catalina.startup.VersionLoggerListener.log OS Version:            10.0
15-May-2024 21:56:50.802 INFO [main] org.apache.catalina.startup.VersionLoggerListener.log Architecture:          amd64
15-May-2024 21:56:50.802 INFO [main] org.apache.catalina.startup.VersionLoggerListener.log Java Home:             C:\Program Files\Java\jdk-17
15-May-2024 21:56:50.802 INFO [main] org.apache.catalina.startup.VersionLoggerListener.log JVM Version:           17.0.10+11-LTS-240
15-May-2024 21:56:50.802 INFO [main] org.apache.catalina.startup.VersionLoggerListener.log JVM Vendor:            Oracle Corporation
15-May-2024 21:56:50.802 INFO [main] org.apache.catalina.startup.VersionLoggerListener.log CATALINA_BASE:         D:\newclone
15-May-2024 21:56:50.802 INFO [main] org.apache.catalina.startup.VersionLoggerListener.log CATALINA_HOME:         D:\tomcat-embed-core-10.1.20\apache-tomcat-10.1.24
15-May-2024 21:56:50.810 INFO [main] org.apache.catalina.startup.VersionLoggerListener.log Command line argument: --add-opens=java.base/java.lang=ALL-UNNAMED
15-May-2024 21:56:50.810 INFO [main] org.apache.catalina.startup.VersionLoggerListener.log Command line argument: --add-opens=java.base/java.io=ALL-UNNAMED
15-May-2024 21:56:50.810 INFO [main] org.apache.catalina.startup.VersionLoggerListener.log Command line argument: --add-opens=java.base/java.util=ALL-UNNAMED
15-May-2024 21:56:50.810 INFO [main] org.apache.catalina.startup.VersionLoggerListener.log Command line argument: --add-opens=java.base/java.util.concurrent=ALL-UNNAMED
15-May-2024 21:56:50.810 INFO [main] org.apache.catalina.startup.VersionLoggerListener.log Command line argument: --add-opens=java.rmi/sun.rmi.transport=ALL-UNNAMED
15-May-2024 21:56:50.810 INFO [main] org.apache.catalina.startup.VersionLoggerListener.log Command line argument: -Dcatalina.home=D:\tomcat-embed-core-10.1.20\apache-tomcat-10.1.24
15-May-2024 21:56:50.810 INFO [main] org.apache.catalina.startup.VersionLoggerListener.log Command line argument: -Dcatalina.base=D:\newclone
15-May-2024 21:56:50.810 INFO [main] org.apache.catalina.startup.VersionLoggerListener.log Command line argument: -Djava.io.tmpdir=D:\newclone\temp
15-May-2024 21:56:50.811 INFO [main] org.apache.catalina.startup.VersionLoggerListener.log Command line argument: -Djava.util.logging.config.file=D:\newclone\conf\logging.properties
15-May-2024 21:56:50.811 INFO [main] org.apache.catalina.startup.VersionLoggerListener.log Command line argument: -Djava.util.logging.manager=org.apache.juli.ClassLoaderLogManager
15-May-2024 21:56:50.811 INFO [main] org.apache.catalina.startup.VersionLoggerListener.log Command line argument: -javaagent:C:\Users\HP\AppData\Local\Programs\IntelliJ IDEA Community Edition\lib\idea_rt.jar=51649:C:\Users\HP\AppData\Local\Programs\IntelliJ IDEA Community Edition\bin
15-May-2024 21:56:50.811 INFO [main] org.apache.catalina.startup.VersionLoggerListener.log Command line argument: -Dfile.encoding=UTF-8
15-May-2024 21:56:50.813 INFO [main] org.apache.catalina.core.AprLifecycleListener.lifecycleEvent Loaded Apache Tomcat Native library [2.0.7] using APR version [1.7.4].
15-May-2024 21:56:50.820 INFO [main] org.apache.catalina.core.AprLifecycleListener.initializeSSL OpenSSL successfully initialized [OpenSSL 3.0.13 30 Jan 2024]
15-May-2024 21:56:51.065 INFO [main] org.apache.coyote.AbstractProtocol.init Initializing ProtocolHandler ["http-nio-8080"]
15-May-2024 21:56:51.087 INFO [main] org.apache.catalina.startup.Catalina.load Server initialization in [488] milliseconds
15-May-2024 21:56:51.134 INFO [main] org.apache.catalina.core.StandardService.startInternal Starting service [Catalina]
15-May-2024 21:56:51.134 INFO [main] org.apache.catalina.core.StandardEngine.startInternal Starting Servlet engine: [Apache Tomcat/10.1.24]
15-May-2024 21:56:51.146 INFO [main] org.apache.catalina.startup.HostConfig.deployDescriptor Deploying deployment descriptor [D:\newclone\conf\Catalina\localhost\digitallogbook.xml]
15-May-2024 21:56:51.162 WARNING [main] org.apache.catalina.startup.HostConfig.deployDescriptor The path attribute with value [] in deployment descriptor [D:\newclone\conf\Catalina\localhost\digitallogbook.xml] has been ignored
15-May-2024 21:56:51.530 INFO [main] org.apache.jasper.servlet.TldScanner.scanJars At least one JAR was scanned for TLDs yet contained no TLDs. Enable debug logging for this logger for a complete list of JARs that were scanned but no TLDs were found in them. Skipping unneeded JARs during scanning can improve startup time and JSP compilation time.
15-May-2024 21:56:51.605 INFO [main] org.apache.catalina.startup.HostConfig.deployDescriptor Deployment of deployment descriptor [D:\newclone\conf\Catalina\localhost\digitallogbook.xml] has finished in [459] ms
15-May-2024 21:56:51.611 INFO [main] org.apache.coyote.AbstractProtocol.start Starting ProtocolHandler ["http-nio-8080"]
15-May-2024 21:56:51.658 INFO [main] org.apache.catalina.startup.Catalina.start Server startup in [570] milliseconds
15-May-2024 21:56:53.613 INFO [Thread-1] org.apache.coyote.AbstractProtocol.pause Pausing ProtocolHandler ["http-nio-8080"]
15-May-2024 21:56:53.618 INFO [Thread-1] org.apache.catalina.core.StandardService.stopInternal Stopping service [Catalina]
15-May-2024 21:56:53.625 INFO [Thread-1] org.apache.coyote.AbstractProtocol.stop Stopping ProtocolHandler ["http-nio-8080"]
15-May-2024 21:56:53.630 INFO [Thread-1] org.apache.coyote.AbstractProtocol.destroy Destroying ProtocolHandler ["http-nio-8080"]
15-May-2024 21:56:54.993 INFO [main] org.apache.catalina.startup.VersionLoggerListener.log Server version name:   Apache Tomcat/10.1.24
15-May-2024 21:56:54.999 INFO [main] org.apache.catalina.startup.VersionLoggerListener.log Server built:          May 9 2024 17:41:23 UTC
15-May-2024 21:56:54.999 INFO [main] org.apache.catalina.startup.VersionLoggerListener.log Server version number: 10.1.24.0
15-May-2024 21:56:54.999 INFO [main] org.apache.catalina.startup.VersionLoggerListener.log OS Name:               Windows 11
15-May-2024 21:56:54.999 INFO [main] org.apache.catalina.startup.VersionLoggerListener.log OS Version:            10.0
15-May-2024 21:56:54.999 INFO [main] org.apache.catalina.startup.VersionLoggerListener.log Architecture:          amd64
15-May-2024 21:56:54.999 INFO [main] org.apache.catalina.startup.VersionLoggerListener.log Java Home:             C:\Program Files\Java\jdk-17
15-May-2024 21:56:55.000 INFO [main] org.apache.catalina.startup.VersionLoggerListener.log JVM Version:           17.0.10+11-LTS-240
15-May-2024 21:56:55.000 INFO [main] org.apache.catalina.startup.VersionLoggerListener.log JVM Vendor:            Oracle Corporation
15-May-2024 21:56:55.000 INFO [main] org.apache.catalina.startup.VersionLoggerListener.log CATALINA_BASE:         D:\newclone
15-May-2024 21:56:55.000 INFO [main] org.apache.catalina.startup.VersionLoggerListener.log CATALINA_HOME:         D:\tomcat-embed-core-10.1.20\apache-tomcat-10.1.24
15-May-2024 21:56:55.014 INFO [main] org.apache.catalina.startup.VersionLoggerListener.log Command line argument: --add-opens=java.base/java.lang=ALL-UNNAMED
15-May-2024 21:56:55.015 INFO [main] org.apache.catalina.startup.VersionLoggerListener.log Command line argument: --add-opens=java.base/java.io=ALL-UNNAMED
15-May-2024 21:56:55.016 INFO [main] org.apache.catalina.startup.VersionLoggerListener.log Command line argument: --add-opens=java.base/java.util=ALL-UNNAMED
15-May-2024 21:56:55.016 INFO [main] org.apache.catalina.startup.VersionLoggerListener.log Command line argument: --add-opens=java.base/java.util.concurrent=ALL-UNNAMED
15-May-2024 21:56:55.016 INFO [main] org.apache.catalina.startup.VersionLoggerListener.log Command line argument: --add-opens=java.rmi/sun.rmi.transport=ALL-UNNAMED
15-May-2024 21:56:55.016 INFO [main] org.apache.catalina.startup.VersionLoggerListener.log Command line argument: -Dcatalina.home=D:\tomcat-embed-core-10.1.20\apache-tomcat-10.1.24
15-May-2024 21:56:55.016 INFO [main] org.apache.catalina.startup.VersionLoggerListener.log Command line argument: -Dcatalina.base=D:\newclone
15-May-2024 21:56:55.016 INFO [main] org.apache.catalina.startup.VersionLoggerListener.log Command line argument: -Djava.io.tmpdir=D:\newclone\temp
15-May-2024 21:56:55.016 INFO [main] org.apache.catalina.startup.VersionLoggerListener.log Command line argument: -Djava.util.logging.config.file=D:\newclone\conf\logging.properties
15-May-2024 21:56:55.017 INFO [main] org.apache.catalina.startup.VersionLoggerListener.log Command line argument: -Djava.util.logging.manager=org.apache.juli.ClassLoaderLogManager
15-May-2024 21:56:55.017 INFO [main] org.apache.catalina.startup.VersionLoggerListener.log Command line argument: -javaagent:C:\Users\HP\AppData\Local\Programs\IntelliJ IDEA Community Edition\lib\idea_rt.jar=51653:C:\Users\HP\AppData\Local\Programs\IntelliJ IDEA Community Edition\bin
15-May-2024 21:56:55.017 INFO [main] org.apache.catalina.startup.VersionLoggerListener.log Command line argument: -Dfile.encoding=UTF-8
15-May-2024 21:56:55.022 INFO [main] org.apache.catalina.core.AprLifecycleListener.lifecycleEvent Loaded Apache Tomcat Native library [2.0.7] using APR version [1.7.4].
15-May-2024 21:56:55.031 INFO [main] org.apache.catalina.core.AprLifecycleListener.initializeSSL OpenSSL successfully initialized [OpenSSL 3.0.13 30 Jan 2024]
15-May-2024 21:56:55.505 INFO [main] org.apache.coyote.AbstractProtocol.init Initializing ProtocolHandler ["http-nio-8080"]
15-May-2024 21:56:55.528 INFO [main] org.apache.catalina.startup.Catalina.load Server initialization in [769] milliseconds
15-May-2024 21:56:55.575 INFO [main] org.apache.catalina.core.StandardService.startInternal Starting service [Catalina]
15-May-2024 21:56:55.576 INFO [main] org.apache.catalina.core.StandardEngine.startInternal Starting Servlet engine: [Apache Tomcat/10.1.24]
15-May-2024 21:56:55.586 INFO [main] org.apache.catalina.startup.HostConfig.deployDescriptor Deploying deployment descriptor [D:\newclone\conf\Catalina\localhost\digitallogbook.xml]
15-May-2024 21:56:55.603 WARNING [main] org.apache.catalina.startup.HostConfig.deployDescriptor The path attribute with value [] in deployment descriptor [D:\newclone\conf\Catalina\localhost\digitallogbook.xml] has been ignored
15-May-2024 21:56:56.022 INFO [main] org.apache.jasper.servlet.TldScanner.scanJars At least one JAR was scanned for TLDs yet contained no TLDs. Enable debug logging for this logger for a complete list of JARs that were scanned but no TLDs were found in them. Skipping unneeded JARs during scanning can improve startup time and JSP compilation time.
15-May-2024 21:56:56.124 INFO [main] org.apache.catalina.startup.HostConfig.deployDescriptor Deployment of deployment descriptor [D:\newclone\conf\Catalina\localhost\digitallogbook.xml] has finished in [537] ms
15-May-2024 21:56:56.129 INFO [main] org.apache.coyote.AbstractProtocol.start Starting ProtocolHandler ["http-nio-8080"]
15-May-2024 21:56:56.183 INFO [main] org.apache.catalina.startup.Catalina.start Server startup in [654] milliseconds
15-May-2024 21:56:57.506 INFO [Thread-1] org.apache.coyote.AbstractProtocol.pause Pausing ProtocolHandler ["http-nio-8080"]
15-May-2024 21:56:57.512 INFO [Thread-1] org.apache.catalina.core.StandardService.stopInternal Stopping service [Catalina]
15-May-2024 21:56:57.520 INFO [Thread-1] org.apache.coyote.AbstractProtocol.stop Stopping ProtocolHandler ["http-nio-8080"]
15-May-2024 21:56:57.523 INFO [Thread-1] org.apache.coyote.AbstractProtocol.destroy Destroying ProtocolHandler ["http-nio-8080"]
15-May-2024 21:56:58.996 INFO [main] org.apache.catalina.startup.VersionLoggerListener.log Server version name:   Apache Tomcat/10.1.24
15-May-2024 21:56:59.004 INFO [main] org.apache.catalina.startup.VersionLoggerListener.log Server built:          May 9 2024 17:41:23 UTC
15-May-2024 21:56:59.004 INFO [main] org.apache.catalina.startup.VersionLoggerListener.log Server version number: 10.1.24.0
15-May-2024 21:56:59.005 INFO [main] org.apache.catalina.startup.VersionLoggerListener.log OS Name:               Windows 11
15-May-2024 21:56:59.005 INFO [main] org.apache.catalina.startup.VersionLoggerListener.log OS Version:            10.0
15-May-2024 21:56:59.005 INFO [main] org.apache.catalina.startup.VersionLoggerListener.log Architecture:          amd64
15-May-2024 21:56:59.005 INFO [main] org.apache.catalina.startup.VersionLoggerListener.log Java Home:             C:\Program Files\Java\jdk-17
15-May-2024 21:56:59.005 INFO [main] org.apache.catalina.startup.VersionLoggerListener.log JVM Version:           17.0.10+11-LTS-240
15-May-2024 21:56:59.005 INFO [main] org.apache.catalina.startup.VersionLoggerListener.log JVM Vendor:            Oracle Corporation
15-May-2024 21:56:59.005 INFO [main] org.apache.catalina.startup.VersionLoggerListener.log CATALINA_BASE:         D:\newclone
15-May-2024 21:56:59.005 INFO [main] org.apache.catalina.startup.VersionLoggerListener.log CATALINA_HOME:         D:\tomcat-embed-core-10.1.20\apache-tomcat-10.1.24
15-May-2024 21:56:59.018 INFO [main] org.apache.catalina.startup.VersionLoggerListener.log Command line argument: --add-opens=java.base/java.lang=ALL-UNNAMED
15-May-2024 21:56:59.018 INFO [main] org.apache.catalina.startup.VersionLoggerListener.log Command line argument: --add-opens=java.base/java.io=ALL-UNNAMED
15-May-2024 21:56:59.018 INFO [main] org.apache.catalina.startup.VersionLoggerListener.log Command line argument: --add-opens=java.base/java.util=ALL-UNNAMED
15-May-2024 21:56:59.018 INFO [main] org.apache.catalina.startup.VersionLoggerListener.log Command line argument: --add-opens=java.base/java.util.concurrent=ALL-UNNAMED
15-May-2024 21:56:59.018 INFO [main] org.apache.catalina.startup.VersionLoggerListener.log Command line argument: --add-opens=java.rmi/sun.rmi.transport=ALL-UNNAMED
15-May-2024 21:56:59.018 INFO [main] org.apache.catalina.startup.VersionLoggerListener.log Command line argument: -Dcatalina.home=D:\tomcat-embed-core-10.1.20\apache-tomcat-10.1.24
15-May-2024 21:56:59.018 INFO [main] org.apache.catalina.startup.VersionLoggerListener.log Command line argument: -Dcatalina.base=D:\newclone
15-May-2024 21:56:59.018 INFO [main] org.apache.catalina.startup.VersionLoggerListener.log Command line argument: -Djava.io.tmpdir=D:\newclone\temp
15-May-2024 21:56:59.019 INFO [main] org.apache.catalina.startup.VersionLoggerListener.log Command line argument: -Djava.util.logging.config.file=D:\newclone\conf\logging.properties
15-May-2024 21:56:59.019 INFO [main] org.apache.catalina.startup.VersionLoggerListener.log Command line argument: -Djava.util.logging.manager=org.apache.juli.ClassLoaderLogManager
15-May-2024 21:56:59.019 INFO [main] org.apache.catalina.startup.VersionLoggerListener.log Command line argument: -javaagent:C:\Users\HP\AppData\Local\Programs\IntelliJ IDEA Community Edition\lib\idea_rt.jar=51657:C:\Users\HP\AppData\Local\Programs\IntelliJ IDEA Community Edition\bin
15-May-2024 21:56:59.019 INFO [main] org.apache.catalina.startup.VersionLoggerListener.log Command line argument: -Dfile.encoding=UTF-8
15-May-2024 21:56:59.021 INFO [main] org.apache.catalina.core.AprLifecycleListener.lifecycleEvent Loaded Apache Tomcat Native library [2.0.7] using APR version [1.7.4].
15-May-2024 21:56:59.027 INFO [main] org.apache.catalina.core.AprLifecycleListener.initializeSSL OpenSSL successfully initialized [OpenSSL 3.0.13 30 Jan 2024]
15-May-2024 21:56:59.405 INFO [main] org.apache.coyote.AbstractProtocol.init Initializing ProtocolHandler ["http-nio-8080"]
15-May-2024 21:56:59.432 INFO [main] org.apache.catalina.startup.Catalina.load Server initialization in [676] milliseconds
15-May-2024 21:56:59.471 INFO [main] org.apache.catalina.core.StandardService.startInternal Starting service [Catalina]
15-May-2024 21:56:59.471 INFO [main] org.apache.catalina.core.StandardEngine.startInternal Starting Servlet engine: [Apache Tomcat/10.1.24]
15-May-2024 21:56:59.480 INFO [main] org.apache.catalina.startup.HostConfig.deployDescriptor Deploying deployment descriptor [D:\newclone\conf\Catalina\localhost\digitallogbook.xml]
15-May-2024 21:56:59.495 WARNING [main] org.apache.catalina.startup.HostConfig.deployDescriptor The path attribute with value [] in deployment descriptor [D:\newclone\conf\Catalina\localhost\digitallogbook.xml] has been ignored
15-May-2024 21:56:59.957 INFO [main] org.apache.jasper.servlet.TldScanner.scanJars At least one JAR was scanned for TLDs yet contained no TLDs. Enable debug logging for this logger for a complete list of JARs that were scanned but no TLDs were found in them. Skipping unneeded JARs during scanning can improve startup time and JSP compilation time.
15-May-2024 21:57:00.038 INFO [main] org.apache.catalina.startup.HostConfig.deployDescriptor Deployment of deployment descriptor [D:\newclone\conf\Catalina\localhost\digitallogbook.xml] has finished in [559] ms
15-May-2024 21:57:00.043 INFO [main] org.apache.coyote.AbstractProtocol.start Starting ProtocolHandler ["http-nio-8080"]
15-May-2024 21:57:00.088 INFO [main] org.apache.catalina.startup.Catalina.start Server startup in [654] milliseconds
15-May-2024 21:57:33.232 INFO [Thread-1] org.apache.coyote.AbstractProtocol.pause Pausing ProtocolHandler ["http-nio-8080"]
15-May-2024 21:57:33.238 INFO [Thread-1] org.apache.catalina.core.StandardService.stopInternal Stopping service [Catalina]
15-May-2024 21:57:33.245 INFO [Thread-1] org.apache.coyote.AbstractProtocol.stop Stopping ProtocolHandler ["http-nio-8080"]
15-May-2024 21:57:33.248 INFO [Thread-1] org.apache.coyote.AbstractProtocol.destroy Destroying ProtocolHandler ["http-nio-8080"]
15-May-2024 21:57:35.368 INFO [main] org.apache.catalina.startup.VersionLoggerListener.log Server version name:   Apache Tomcat/10.1.24
15-May-2024 21:57:35.377 INFO [main] org.apache.catalina.startup.VersionLoggerListener.log Server built:          May 9 2024 17:41:23 UTC
15-May-2024 21:57:35.377 INFO [main] org.apache.catalina.startup.VersionLoggerListener.log Server version number: 10.1.24.0
15-May-2024 21:57:35.378 INFO [main] org.apache.catalina.startup.VersionLoggerListener.log OS Name:               Windows 11
15-May-2024 21:57:35.378 INFO [main] org.apache.catalina.startup.VersionLoggerListener.log OS Version:            10.0
15-May-2024 21:57:35.378 INFO [main] org.apache.catalina.startup.VersionLoggerListener.log Architecture:          amd64
15-May-2024 21:57:35.379 INFO [main] org.apache.catalina.startup.VersionLoggerListener.log Java Home:             C:\Program Files\Java\jdk-17
15-May-2024 21:57:35.379 INFO [main] org.apache.catalina.startup.VersionLoggerListener.log JVM Version:           17.0.10+11-LTS-240
15-May-2024 21:57:35.379 INFO [main] org.apache.catalina.startup.VersionLoggerListener.log JVM Vendor:            Oracle Corporation
15-May-2024 21:57:35.379 INFO [main] org.apache.catalina.startup.VersionLoggerListener.log CATALINA_BASE:         D:\newclone
15-May-2024 21:57:35.379 INFO [main] org.apache.catalina.startup.VersionLoggerListener.log CATALINA_HOME:         D:\tomcat-embed-core-10.1.20\apache-tomcat-10.1.24
15-May-2024 21:57:35.389 INFO [main] org.apache.catalina.startup.VersionLoggerListener.log Command line argument: --add-opens=java.base/java.lang=ALL-UNNAMED
15-May-2024 21:57:35.389 INFO [main] org.apache.catalina.startup.VersionLoggerListener.log Command line argument: --add-opens=java.base/java.io=ALL-UNNAMED
15-May-2024 21:57:35.389 INFO [main] org.apache.catalina.startup.VersionLoggerListener.log Command line argument: --add-opens=java.base/java.util=ALL-UNNAMED
15-May-2024 21:57:35.389 INFO [main] org.apache.catalina.startup.VersionLoggerListener.log Command line argument: --add-opens=java.base/java.util.concurrent=ALL-UNNAMED
15-May-2024 21:57:35.389 INFO [main] org.apache.catalina.startup.VersionLoggerListener.log Command line argument: --add-opens=java.rmi/sun.rmi.transport=ALL-UNNAMED
15-May-2024 21:57:35.389 INFO [main] org.apache.catalina.startup.VersionLoggerListener.log Command line argument: -Dcatalina.home=D:\tomcat-embed-core-10.1.20\apache-tomcat-10.1.24
15-May-2024 21:57:35.389 INFO [main] org.apache.catalina.startup.VersionLoggerListener.log Command line argument: -Dcatalina.base=D:\newclone
15-May-2024 21:57:35.389 INFO [main] org.apache.catalina.startup.VersionLoggerListener.log Command line argument: -Djava.io.tmpdir=D:\newclone\temp
15-May-2024 21:57:35.389 INFO [main] org.apache.catalina.startup.VersionLoggerListener.log Command line argument: -Djava.util.logging.config.file=D:\newclone\conf\logging.properties
15-May-2024 21:57:35.390 INFO [main] org.apache.catalina.startup.VersionLoggerListener.log Command line argument: -Djava.util.logging.manager=org.apache.juli.ClassLoaderLogManager
15-May-2024 21:57:35.390 INFO [main] org.apache.catalina.startup.VersionLoggerListener.log Command line argument: -javaagent:C:\Users\HP\AppData\Local\Programs\IntelliJ IDEA Community Edition\lib\idea_rt.jar=51677:C:\Users\HP\AppData\Local\Programs\IntelliJ IDEA Community Edition\bin
15-May-2024 21:57:35.390 INFO [main] org.apache.catalina.startup.VersionLoggerListener.log Command line argument: -Dfile.encoding=UTF-8
15-May-2024 21:57:35.392 INFO [main] org.apache.catalina.core.AprLifecycleListener.lifecycleEvent Loaded Apache Tomcat Native library [2.0.7] using APR version [1.7.4].
15-May-2024 21:57:35.397 INFO [main] org.apache.catalina.core.AprLifecycleListener.initializeSSL OpenSSL successfully initialized [OpenSSL 3.0.13 30 Jan 2024]
15-May-2024 21:57:35.708 INFO [main] org.apache.coyote.AbstractProtocol.init Initializing ProtocolHandler ["http-nio-8080"]
15-May-2024 21:57:35.727 INFO [main] org.apache.catalina.startup.Catalina.load Server initialization in [551] milliseconds
15-May-2024 21:57:35.764 INFO [main] org.apache.catalina.core.StandardService.startInternal Starting service [Catalina]
15-May-2024 21:57:35.764 INFO [main] org.apache.catalina.core.StandardEngine.startInternal Starting Servlet engine: [Apache Tomcat/10.1.24]
15-May-2024 21:57:35.773 INFO [main] org.apache.catalina.startup.HostConfig.deployDescriptor Deploying deployment descriptor [D:\newclone\conf\Catalina\localhost\digitallogbook.xml]
15-May-2024 21:57:35.791 WARNING [main] org.apache.catalina.startup.HostConfig.deployDescriptor The path attribute with value [] in deployment descriptor [D:\newclone\conf\Catalina\localhost\digitallogbook.xml] has been ignored
15-May-2024 21:57:36.247 INFO [main] org.apache.jasper.servlet.TldScanner.scanJars At least one JAR was scanned for TLDs yet contained no TLDs. Enable debug logging for this logger for a complete list of JARs that were scanned but no TLDs were found in them. Skipping unneeded JARs during scanning can improve startup time and JSP compilation time.
15-May-2024 21:57:36.341 INFO [main] org.apache.catalina.startup.HostConfig.deployDescriptor Deployment of deployment descriptor [D:\newclone\conf\Catalina\localhost\digitallogbook.xml] has finished in [568] ms
15-May-2024 21:57:36.345 INFO [main] org.apache.coyote.AbstractProtocol.start Starting ProtocolHandler ["http-nio-8080"]
15-May-2024 21:57:36.393 INFO [main] org.apache.catalina.startup.Catalina.start Server startup in [665] milliseconds
15-May-2024 21:57:47.203 INFO [Thread-1] org.apache.coyote.AbstractProtocol.pause Pausing ProtocolHandler ["http-nio-8080"]
15-May-2024 21:57:47.210 INFO [Thread-1] org.apache.catalina.core.StandardService.stopInternal Stopping service [Catalina]
15-May-2024 21:57:47.218 INFO [Thread-1] org.apache.coyote.AbstractProtocol.stop Stopping ProtocolHandler ["http-nio-8080"]
15-May-2024 21:57:47.220 INFO [Thread-1] org.apache.coyote.AbstractProtocol.destroy Destroying ProtocolHandler ["http-nio-8080"]
15-May-2024 21:57:49.034 INFO [main] org.apache.catalina.startup.VersionLoggerListener.log Server version name:   Apache Tomcat/10.1.24
15-May-2024 21:57:49.038 INFO [main] org.apache.catalina.startup.VersionLoggerListener.log Server built:          May 9 2024 17:41:23 UTC
15-May-2024 21:57:49.038 INFO [main] org.apache.catalina.startup.VersionLoggerListener.log Server version number: 10.1.24.0
15-May-2024 21:57:49.038 INFO [main] org.apache.catalina.startup.VersionLoggerListener.log OS Name:               Windows 11
15-May-2024 21:57:49.038 INFO [main] org.apache.catalina.startup.VersionLoggerListener.log OS Version:            10.0
15-May-2024 21:57:49.038 INFO [main] org.apache.catalina.startup.VersionLoggerListener.log Architecture:          amd64
15-May-2024 21:57:49.038 INFO [main] org.apache.catalina.startup.VersionLoggerListener.log Java Home:             C:\Program Files\Java\jdk-17
15-May-2024 21:57:49.038 INFO [main] org.apache.catalina.startup.VersionLoggerListener.log JVM Version:           17.0.10+11-LTS-240
15-May-2024 21:57:49.038 INFO [main] org.apache.catalina.startup.VersionLoggerListener.log JVM Vendor:            Oracle Corporation
15-May-2024 21:57:49.038 INFO [main] org.apache.catalina.startup.VersionLoggerListener.log CATALINA_BASE:         D:\newclone
15-May-2024 21:57:49.039 INFO [main] org.apache.catalina.startup.VersionLoggerListener.log CATALINA_HOME:         D:\tomcat-embed-core-10.1.20\apache-tomcat-10.1.24
15-May-2024 21:57:49.048 INFO [main] org.apache.catalina.startup.VersionLoggerListener.log Command line argument: --add-opens=java.base/java.lang=ALL-UNNAMED
15-May-2024 21:57:49.048 INFO [main] org.apache.catalina.startup.VersionLoggerListener.log Command line argument: --add-opens=java.base/java.io=ALL-UNNAMED
15-May-2024 21:57:49.048 INFO [main] org.apache.catalina.startup.VersionLoggerListener.log Command line argument: --add-opens=java.base/java.util=ALL-UNNAMED
15-May-2024 21:57:49.049 INFO [main] org.apache.catalina.startup.VersionLoggerListener.log Command line argument: --add-opens=java.base/java.util.concurrent=ALL-UNNAMED
15-May-2024 21:57:49.049 INFO [main] org.apache.catalina.startup.VersionLoggerListener.log Command line argument: --add-opens=java.rmi/sun.rmi.transport=ALL-UNNAMED
15-May-2024 21:57:49.049 INFO [main] org.apache.catalina.startup.VersionLoggerListener.log Command line argument: -Dcatalina.home=D:\tomcat-embed-core-10.1.20\apache-tomcat-10.1.24
15-May-2024 21:57:49.049 INFO [main] org.apache.catalina.startup.VersionLoggerListener.log Command line argument: -Dcatalina.base=D:\newclone
15-May-2024 21:57:49.049 INFO [main] org.apache.catalina.startup.VersionLoggerListener.log Command line argument: -Djava.io.tmpdir=D:\newclone\temp
15-May-2024 21:57:49.050 INFO [main] org.apache.catalina.startup.VersionLoggerListener.log Command line argument: -Djava.util.logging.config.file=D:\newclone\conf\logging.properties
15-May-2024 21:57:49.050 INFO [main] org.apache.catalina.startup.VersionLoggerListener.log Command line argument: -Djava.util.logging.manager=org.apache.juli.ClassLoaderLogManager
15-May-2024 21:57:49.050 INFO [main] org.apache.catalina.startup.VersionLoggerListener.log Command line argument: -javaagent:C:\Users\HP\AppData\Local\Programs\IntelliJ IDEA Community Edition\lib\idea_rt.jar=51686:C:\Users\HP\AppData\Local\Programs\IntelliJ IDEA Community Edition\bin
15-May-2024 21:57:49.050 INFO [main] org.apache.catalina.startup.VersionLoggerListener.log Command line argument: -Dfile.encoding=UTF-8
15-May-2024 21:57:49.052 INFO [main] org.apache.catalina.core.AprLifecycleListener.lifecycleEvent Loaded Apache Tomcat Native library [2.0.7] using APR version [1.7.4].
15-May-2024 21:57:49.059 INFO [main] org.apache.catalina.core.AprLifecycleListener.initializeSSL OpenSSL successfully initialized [OpenSSL 3.0.13 30 Jan 2024]
15-May-2024 21:57:49.384 INFO [main] org.apache.coyote.AbstractProtocol.init Initializing ProtocolHandler ["http-nio-8080"]
15-May-2024 21:57:49.405 INFO [main] org.apache.catalina.startup.Catalina.load Server initialization in [561] milliseconds
15-May-2024 21:57:49.449 INFO [main] org.apache.catalina.core.StandardService.startInternal Starting service [Catalina]
15-May-2024 21:57:49.449 INFO [main] org.apache.catalina.core.StandardEngine.startInternal Starting Servlet engine: [Apache Tomcat/10.1.24]
15-May-2024 21:57:49.459 INFO [main] org.apache.catalina.startup.HostConfig.deployDescriptor Deploying deployment descriptor [D:\newclone\conf\Catalina\localhost\digitallogbook.xml]
15-May-2024 21:57:49.479 WARNING [main] org.apache.catalina.startup.HostConfig.deployDescriptor The path attribute with value [] in deployment descriptor [D:\newclone\conf\Catalina\localhost\digitallogbook.xml] has been ignored
15-May-2024 21:57:49.896 INFO [main] org.apache.jasper.servlet.TldScanner.scanJars At least one JAR was scanned for TLDs yet contained no TLDs. Enable debug logging for this logger for a complete list of JARs that were scanned but no TLDs were found in them. Skipping unneeded JARs during scanning can improve startup time and JSP compilation time.
15-May-2024 21:57:49.977 INFO [main] org.apache.catalina.startup.HostConfig.deployDescriptor Deployment of deployment descriptor [D:\newclone\conf\Catalina\localhost\digitallogbook.xml] has finished in [517] ms
15-May-2024 21:57:49.981 INFO [main] org.apache.coyote.AbstractProtocol.start Starting ProtocolHandler ["http-nio-8080"]
15-May-2024 21:57:50.030 INFO [main] org.apache.catalina.startup.Catalina.start Server startup in [625] milliseconds
15-May-2024 21:58:37.643 INFO [Thread-1] org.apache.coyote.AbstractProtocol.pause Pausing ProtocolHandler ["http-nio-8080"]
15-May-2024 21:58:37.652 INFO [Thread-1] org.apache.catalina.core.StandardService.stopInternal Stopping service [Catalina]
15-May-2024 21:58:37.664 INFO [Thread-1] org.apache.coyote.AbstractProtocol.stop Stopping ProtocolHandler ["http-nio-8080"]
15-May-2024 21:58:37.681 INFO [Thread-1] org.apache.coyote.AbstractProtocol.destroy Destroying ProtocolHandler ["http-nio-8080"]
